0:0:0:0:0:0:0:1 - - [06/Oct/2025:22:11:22 +0700] "OPTIONS /api/v1/auth/login HTTP/1.1" 200 - 65425
0:0:0:0:0:0:0:1 - - [06/Oct/2025:22:11:22 +0700] "POST /api/v1/auth/login HTTP/1.1" 200 877 501273
0:0:0:0:0:0:0:1 - - [06/Oct/2025:22:13:37 +0700] "OPTIONS /api/v1/movies HTTP/1.1" 200 - 2764
0:0:0:0:0:0:0:1 - - [06/Oct/2025:22:13:37 +0700] "OPTIONS /api/v1/auth/verify HTTP/1.1" 200 - 3037
0:0:0:0:0:0:0:1 - - [06/Oct/2025:22:13:37 +0700] "OPTIONS /api/v1/movies HTTP/1.1" 200 - 2672
0:0:0:0:0:0:0:1 - - [06/Oct/2025:22:13:38 +0700] "GET /api/v1/movies HTTP/1.1" 200 - 814489
0:0:0:0:0:0:0:1 - - [06/Oct/2025:22:13:38 +0700] "GET /api/v1/auth/verify HTTP/1.1" 200 - 816925
0:0:0:0:0:0:0:1 - - [06/Oct/2025:22:13:38 +0700] "GET /api/v1/movies HTTP/1.1" 200 - 15275
0:0:0:0:0:0:0:1 - - [06/Oct/2025:22:35:03 +0700] "OPTIONS /api/v1/auth/login HTTP/1.1" 200 - 7757
0:0:0:0:0:0:0:1 - - [06/Oct/2025:22:35:03 +0700] "POST /api/v1/auth/login HTTP/1.1" 200 - 13200
0:0:0:0:0:0:0:1 - - [06/Oct/2025:22:35:06 +0700] "OPTIONS /api/v1/movies HTTP/1.1" 200 - 1773
0:0:0:0:0:0:0:1 - - [06/Oct/2025:22:35:06 +0700] "OPTIONS /api/v1/movies HTTP/1.1" 200 - 1083
0:0:0:0:0:0:0:1 - - [06/Oct/2025:22:35:06 +0700] "GET /api/v1/movies HTTP/1.1" 200 - 5763
0:0:0:0:0:0:0:1 - - [06/Oct/2025:22:35:06 +0700] "GET /api/v1/movies HTTP/1.1" 200 - 6853
0:0:0:0:0:0:0:1 - - [06/Oct/2025:22:35:13 +0700] "OPTIONS /api/v1/auth/login HTTP/1.1" 200 - 2939
0:0:0:0:0:0:0:1 - - [06/Oct/2025:22:35:13 +0700] "POST /api/v1/auth/login HTTP/1.1" 200 - 8577
0:0:0:0:0:0:0:1 - - [06/Oct/2025:22:41:06 +0700] "OPTIONS /api/v1/notifications HTTP/1.1" 200 - 41389
0:0:0:0:0:0:0:1 - - [06/Oct/2025:22:41:06 +0700] "OPTIONS /api/v1/notifications HTTP/1.1" 200 - 43482
0:0:0:0:0:0:0:1 - - [06/Oct/2025:22:41:06 +0700] "GET /api/v1/notifications HTTP/1.1" 200 - 64118
0:0:0:0:0:0:0:1 - - [06/Oct/2025:22:41:06 +0700] "GET /api/v1/notifications HTTP/1.1" 200 - 15627
0:0:0:0:0:0:0:1 - - [06/Oct/2025:22:41:11 +0700] "OPTIONS /api/v1/auth/login HTTP/1.1" 200 - 3378
0:0:0:0:0:0:0:1 - - [06/Oct/2025:22:41:11 +0700] "POST /api/v1/auth/login HTTP/1.1" 200 - 13404
0:0:0:0:0:0:0:1 - - [06/Oct/2025:22:41:15 +0700] "OPTIONS /api/v1/notifications HTTP/1.1" 200 - 3178
0:0:0:0:0:0:0:1 - - [06/Oct/2025:22:41:15 +0700] "OPTIONS /api/v1/notifications HTTP/1.1" 200 - 7023
0:0:0:0:0:0:0:1 - - [06/Oct/2025:22:41:15 +0700] "GET /api/v1/notifications HTTP/1.1" 200 - 17706
0:0:0:0:0:0:0:1 - - [06/Oct/2025:22:41:15 +0700] "GET /api/v1/notifications HTTP/1.1" 200 - 56550
0:0:0:0:0:0:0:1 - - [06/Oct/2025:22:41:17 +0700] "OPTIONS /api/v1/auth/login HTTP/1.1" 200 - 2572
0:0:0:0:0:0:0:1 - - [06/Oct/2025:22:41:17 +0700] "POST /api/v1/auth/login HTTP/1.1" 200 - 19954
0:0:0:0:0:0:0:1 - - [06/Oct/2025:22:42:28 +0700] "OPTIONS /api/v1/notifications HTTP/1.1" 200 - 3957
0:0:0:0:0:0:0:1 - - [06/Oct/2025:22:42:28 +0700] "OPTIONS /api/v1/notifications HTTP/1.1" 200 - 4356
0:0:0:0:0:0:0:1 - - [06/Oct/2025:22:42:28 +0700] "GET /api/v1/notifications HTTP/1.1" 200 - 16948
0:0:0:0:0:0:0:1 - - [06/Oct/2025:22:42:28 +0700] "GET /api/v1/notifications HTTP/1.1" 200 - 11571
0:0:0:0:0:0:0:1 - - [06/Oct/2025:22:44:56 +0700] "OPTIONS /api/v1/auth/login HTTP/1.1" 200 - 2404
0:0:0:0:0:0:0:1 - - [06/Oct/2025:22:44:56 +0700] "POST /api/v1/auth/login HTTP/1.1" 200 - 14547
0:0:0:0:0:0:0:1 - - [06/Oct/2025:23:18:23 +0700] "OPTIONS /api/v1/auth/login HTTP/1.1" 200 - 4498
0:0:0:0:0:0:0:1 - - [06/Oct/2025:23:18:23 +0700] "POST /api/v1/auth/login HTTP/1.1" 200 877 351657
0:0:0:0:0:0:0:1 - - [06/Oct/2025:23:18:30 +0700] "GET /api/v1/notifications HTTP/1.1" 500 132 128929
0:0:0:0:0:0:0:1 - - [06/Oct/2025:23:18:30 +0700] "GET /api/v1/notifications HTTP/1.1" 500 132 21919
0:0:0:0:0:0:0:1 - - [06/Oct/2025:23:33:45 +0700] "OPTIONS /api/v1/auth/verify HTTP/1.1" 200 - 2319
0:0:0:0:0:0:0:1 - - [06/Oct/2025:23:33:45 +0700] "GET /api/v1/auth/verify HTTP/1.1" 200 - 38008
0:0:0:0:0:0:0:1 - - [06/Oct/2025:23:33:45 +0700] "OPTIONS /api/v1/notifications HTTP/1.1" 200 - 3643
0:0:0:0:0:0:0:1 - - [06/Oct/2025:23:33:45 +0700] "OPTIONS /api/v1/notifications HTTP/1.1" 200 - 1708
0:0:0:0:0:0:0:1 - - [06/Oct/2025:23:33:45 +0700] "GET /api/v1/notifications HTTP/1.1" 200 - 17991
0:0:0:0:0:0:0:1 - - [06/Oct/2025:23:33:45 +0700] "GET /api/v1/notifications HTTP/1.1" 200 - 14937
0:0:0:0:0:0:0:1 - - [06/Oct/2025:23:39:58 +0700] "OPTIONS /api/v1/notifications HTTP/1.1" 200 - 1977
0:0:0:0:0:0:0:1 - - [06/Oct/2025:23:39:58 +0700] "OPTIONS /api/v1/notifications HTTP/1.1" 200 - 1977
0:0:0:0:0:0:0:1 - - [06/Oct/2025:23:39:58 +0700] "GET /api/v1/notifications HTTP/1.1" 200 - 23131
0:0:0:0:0:0:0:1 - - [06/Oct/2025:23:39:58 +0700] "GET /api/v1/notifications HTTP/1.1" 200 - 12968
0:0:0:0:0:0:0:1 - - [06/Oct/2025:23:57:01 +0700] "OPTIONS /api/v1/movies HTTP/1.1" 200 - 1684
0:0:0:0:0:0:0:1 - - [06/Oct/2025:23:57:01 +0700] "OPTIONS /api/v1/movies HTTP/1.1" 200 - 1659
0:0:0:0:0:0:0:1 - - [06/Oct/2025:23:57:01 +0700] "GET /api/v1/movies HTTP/1.1" 200 - 14591
0:0:0:0:0:0:0:1 - - [06/Oct/2025:23:57:01 +0700] "GET /api/v1/movies HTTP/1.1" 200 - 12442
