0:0:0:0:0:0:0:1 - - [07/Oct/2025:00:19:02 +0700] "GET /api/v1/movies HTTP/1.1" 200 7054 510184
0:0:0:0:0:0:0:1 - - [07/Oct/2025:00:19:03 +0700] "GET /api/v1/movies HTTP/1.1" 200 7054 102743
0:0:0:0:0:0:0:1 - - [07/Oct/2025:00:32:20 +0700] "GET /api/v1/movies HTTP/1.1" 200 7054 77549
0:0:0:0:0:0:0:1 - - [07/Oct/2025:00:32:20 +0700] "GET /api/v1/movies HTTP/1.1" 200 7054 57771
0:0:0:0:0:0:0:1 - - [07/Oct/2025:11:18:11 +0700] "GET /swagger-ui/index.html HTTP/1.1" 200 734 175851
0:0:0:0:0:0:0:1 - - [07/Oct/2025:11:18:11 +0700] "GET /swagger-ui/index.css HTTP/1.1" 200 202 13784
0:0:0:0:0:0:0:1 - - [07/Oct/2025:11:18:11 +0700] "GET /swagger-ui/swagger-ui.css HTTP/1.1" 200 154986 23595
0:0:0:0:0:0:0:1 - - [07/Oct/2025:11:18:11 +0700] "GET /swagger-ui/swagger-ui-standalone-preset.js HTTP/1.1" 200 229223 23250
0:0:0:0:0:0:0:1 - - [07/Oct/2025:11:18:12 +0700] "GET /swagger-ui/swagger-ui-bundle.js HTTP/1.1" 200 1468326 43055
0:0:0:0:0:0:0:1 - - [07/Oct/2025:11:18:12 +0700] "GET /swagger-ui/swagger-initializer.js HTTP/1.1" 200 612 58648
0:0:0:0:0:0:0:1 - - [07/Oct/2025:11:18:12 +0700] "GET /swagger-ui/favicon-32x32.png HTTP/1.1" 200 628 7459
0:0:0:0:0:0:0:1 - - [07/Oct/2025:11:18:12 +0700] "GET /api-docs/swagger-config HTTP/1.1" 200 163 71446
0:0:0:0:0:0:0:1 - - [07/Oct/2025:11:18:14 +0700] "GET /api-docs HTTP/1.1" 200 95329 2655433
0:0:0:0:0:0:0:1 - - [07/Oct/2025:11:20:28 +0700] "GET /swagger-ui/index.html HTTP/1.1" 200 734 182188
0:0:0:0:0:0:0:1 - - [07/Oct/2025:11:20:29 +0700] "GET /swagger-ui/index.css HTTP/1.1" 200 202 6851
0:0:0:0:0:0:0:1 - - [07/Oct/2025:11:20:29 +0700] "GET /swagger-ui/swagger-ui.css HTTP/1.1" 200 154986 10620
0:0:0:0:0:0:0:1 - - [07/Oct/2025:11:20:29 +0700] "GET /swagger-ui/swagger-ui-standalone-preset.js HTTP/1.1" 200 229223 12513
0:0:0:0:0:0:0:1 - - [07/Oct/2025:11:20:29 +0700] "GET /swagger-ui/swagger-ui-bundle.js HTTP/1.1" 200 1468326 32064
0:0:0:0:0:0:0:1 - - [07/Oct/2025:11:20:29 +0700] "GET /swagger-ui/swagger-initializer.js HTTP/1.1" 200 612 55441
0:0:0:0:0:0:0:1 - - [07/Oct/2025:11:20:29 +0700] "GET /swagger-ui/favicon-32x32.png HTTP/1.1" 200 628 12259
0:0:0:0:0:0:0:1 - - [07/Oct/2025:11:20:29 +0700] "GET /api-docs/swagger-config HTTP/1.1" 200 163 69643
0:0:0:0:0:0:0:1 - - [07/Oct/2025:11:20:32 +0700] "GET /api-docs HTTP/1.1" 200 95606 2949144
0:0:0:0:0:0:0:1 - - [07/Oct/2025:11:21:11 +0700] "GET /swagger-ui/index.html HTTP/1.1" 200 734 6794
0:0:0:0:0:0:0:1 - - [07/Oct/2025:11:21:11 +0700] "GET /swagger-ui/swagger-initializer.js HTTP/1.1" 200 612 5731
0:0:0:0:0:0:0:1 - - [07/Oct/2025:11:21:12 +0700] "GET /swagger-ui/index.css HTTP/1.1" 200 202 9756
0:0:0:0:0:0:0:1 - - [07/Oct/2025:11:21:12 +0700] "GET /swagger-ui/swagger-ui.css HTTP/1.1" 200 154986 11354
0:0:0:0:0:0:0:1 - - [07/Oct/2025:11:21:12 +0700] "GET /swagger-ui/swagger-ui-standalone-preset.js HTTP/1.1" 200 229223 11217
0:0:0:0:0:0:0:1 - - [07/Oct/2025:11:21:12 +0700] "GET /swagger-ui/swagger-ui-bundle.js HTTP/1.1" 200 1468326 25817
0:0:0:0:0:0:0:1 - - [07/Oct/2025:11:21:12 +0700] "GET /api-docs/swagger-config HTTP/1.1" 200 163 3289
0:0:0:0:0:0:0:1 - - [07/Oct/2025:11:21:12 +0700] "GET /swagger-ui/favicon-32x32.png HTTP/1.1" 200 628 4998
0:0:0:0:0:0:0:1 - - [07/Oct/2025:11:21:12 +0700] "GET /api-docs HTTP/1.1" 200 95606 26444
0:0:0:0:0:0:0:1 - - [07/Oct/2025:11:23:50 +0700] "POST /api/v1/rooms/cinema/1 HTTP/1.1" 201 173 200557
0:0:0:0:0:0:0:1 - - [07/Oct/2025:11:34:36 +0700] "POST /api/v1/rooms/cinema/1 HTTP/1.1" 201 173 191500
0:0:0:0:0:0:0:1 - - [07/Oct/2025:12:49:18 +0700] "GET /api/v1/seats/room/2 HTTP/1.1" 200 4448 182811
0:0:0:0:0:0:0:1 - - [07/Oct/2025:12:50:41 +0700] "GET /api/v1/seats/room/2 HTTP/1.1" 200 4728 146606
0:0:0:0:0:0:0:1 - - [07/Oct/2025:13:06:42 +0700] "GET /api/v1/movies/coming-soon?page=0&size=10 HTTP/1.1" 200 1539 116326
0:0:0:0:0:0:0:1 - - [07/Oct/2025:13:08:39 +0700] "GET /api/v1/movies/coming-soon?page=0&size=10 HTTP/1.1" 200 1838 166004
0:0:0:0:0:0:0:1 - - [07/Oct/2025:13:09:12 +0700] "GET /api/v1/movies/top-rated?page=0&size=10 HTTP/1.1" 200 5079 56173
0:0:0:0:0:0:0:1 - - [07/Oct/2025:13:09:45 +0700] "GET /api/v1/movies/now-showing?page=0&size=10 HTTP/1.1" 200 4352 46910
