2025-10-06T20:03:32.733+07:00  INFO 15460 --- [hotcinemas_be] [main] c.e.h.HotcinemasBeApplication            : Starting HotcinemasBeApplication using Java 21.0.8 with PID 15460 (D:\WordSpace\hotcinemas_be\target\classes started by duong in D:\WordSpace\hotcinemas_be)
2025-10-06T20:03:32.735+07:00  INFO 15460 --- [hotcinemas_be] [main] c.e.h.HotcinemasBeApplication            : No active profile set, falling back to 1 default profile: "default"
2025-10-06T20:03:33.500+07:00  INFO 15460 --- [hotcinemas_be] [main] .s.d.r.c.RepositoryConfigurationDelegate : Multiple Spring Data modules found, entering strict repository configuration mode
2025-10-06T20:03:33.500+07:00  INFO 15460 --- [hotcinemas_be] [main] .s.d.r.c.RepositoryConfigurationDelegate : Bootstrapping Spring Data Redis repositories in DEFAULT mode.
2025-10-06T20:03:33.519+07:00  INFO 15460 --- [hotcinemas_be] [main] .s.d.r.c.RepositoryConfigurationDelegate : Finished Spring Data repository scanning in 3 ms. Found 0 Redis repository interfaces.
2025-10-06T20:03:33.722+07:00  INFO 15460 --- [hotcinemas_be] [main] .s.d.r.c.RepositoryConfigurationDelegate : Multiple Spring Data modules found, entering strict repository configuration mode
2025-10-06T20:03:33.723+07:00  INFO 15460 --- [hotcinemas_be] [main] .s.d.r.c.RepositoryConfigurationDelegate : Bootstrapping Spring Data JPA repositories in DEFAULT mode.
2025-10-06T20:03:33.893+07:00  INFO 15460 --- [hotcinemas_be] [main] .s.d.r.c.RepositoryConfigurationDelegate : Finished Spring Data repository scanning in 167 ms. Found 18 JPA repository interfaces.
2025-10-06T20:03:33.902+07:00  INFO 15460 --- [hotcinemas_be] [main] .s.d.r.c.RepositoryConfigurationDelegate : Multiple Spring Data modules found, entering strict repository configuration mode
2025-10-06T20:03:33.903+07:00  INFO 15460 --- [hotcinemas_be] [main] .s.d.r.c.RepositoryConfigurationDelegate : Bootstrapping Spring Data Redis repositories in DEFAULT mode.
2025-10-06T20:03:33.911+07:00  INFO 15460 --- [hotcinemas_be] [main] .RepositoryConfigurationExtensionSupport : Spring Data Redis - Could not safely identify store assignment for repository candidate interface com.example.hotcinemas_be.repositorys.AuditLogRepository; If you want this repository to be a Redis repository, consider annotating your entities with one of these annotations: org.springframework.data.redis.core.RedisHash (preferred), or consider extending one of the following types with your repository: org.springframework.data.keyvalue.repository.KeyValueRepository
2025-10-06T20:03:33.912+07:00  INFO 15460 --- [hotcinemas_be] [main] .RepositoryConfigurationExtensionSupport : Spring Data Redis - Could not safely identify store assignment for repository candidate interface com.example.hotcinemas_be.repositorys.BookingRepository; If you want this repository to be a Redis repository, consider annotating your entities with one of these annotations: org.springframework.data.redis.core.RedisHash (preferred), or consider extending one of the following types with your repository: org.springframework.data.keyvalue.repository.KeyValueRepository
2025-10-06T20:03:33.913+07:00  INFO 15460 --- [hotcinemas_be] [main] .RepositoryConfigurationExtensionSupport : Spring Data Redis - Could not safely identify store assignment for repository candidate interface com.example.hotcinemas_be.repositorys.CinemaClusterRepository; If you want this repository to be a Redis repository, consider annotating your entities with one of these annotations: org.springframework.data.redis.core.RedisHash (preferred), or consider extending one of the following types with your repository: org.springframework.data.keyvalue.repository.KeyValueRepository
2025-10-06T20:03:33.913+07:00  INFO 15460 --- [hotcinemas_be] [main] .RepositoryConfigurationExtensionSupport : Spring Data Redis - Could not safely identify store assignment for repository candidate interface com.example.hotcinemas_be.repositorys.CinemaRepository; If you want this repository to be a Redis repository, consider annotating your entities with one of these annotations: org.springframework.data.redis.core.RedisHash (preferred), or consider extending one of the following types with your repository: org.springframework.data.keyvalue.repository.KeyValueRepository
2025-10-06T20:03:33.913+07:00  INFO 15460 --- [hotcinemas_be] [main] .RepositoryConfigurationExtensionSupport : Spring Data Redis - Could not safely identify store assignment for repository candidate interface com.example.hotcinemas_be.repositorys.GenreRepository; If you want this repository to be a Redis repository, consider annotating your entities with one of these annotations: org.springframework.data.redis.core.RedisHash (preferred), or consider extending one of the following types with your repository: org.springframework.data.keyvalue.repository.KeyValueRepository
2025-10-06T20:03:33.914+07:00  INFO 15460 --- [hotcinemas_be] [main] .RepositoryConfigurationExtensionSupport : Spring Data Redis - Could not safely identify store assignment for repository candidate interface com.example.hotcinemas_be.repositorys.MovieRepository; If you want this repository to be a Redis repository, consider annotating your entities with one of these annotations: org.springframework.data.redis.core.RedisHash (preferred), or consider extending one of the following types with your repository: org.springframework.data.keyvalue.repository.KeyValueRepository
2025-10-06T20:03:33.914+07:00  INFO 15460 --- [hotcinemas_be] [main] .RepositoryConfigurationExtensionSupport : Spring Data Redis - Could not safely identify store assignment for repository candidate interface com.example.hotcinemas_be.repositorys.PaymentRepository; If you want this repository to be a Redis repository, consider annotating your entities with one of these annotations: org.springframework.data.redis.core.RedisHash (preferred), or consider extending one of the following types with your repository: org.springframework.data.keyvalue.repository.KeyValueRepository
2025-10-06T20:03:33.914+07:00  INFO 15460 --- [hotcinemas_be] [main] .RepositoryConfigurationExtensionSupport : Spring Data Redis - Could not safely identify store assignment for repository candidate interface com.example.hotcinemas_be.repositorys.PermissionRepository; If you want this repository to be a Redis repository, consider annotating your entities with one of these annotations: org.springframework.data.redis.core.RedisHash (preferred), or consider extending one of the following types with your repository: org.springframework.data.keyvalue.repository.KeyValueRepository
2025-10-06T20:03:33.915+07:00  INFO 15460 --- [hotcinemas_be] [main] .RepositoryConfigurationExtensionSupport : Spring Data Redis - Could not safely identify store assignment for repository candidate interface com.example.hotcinemas_be.repositorys.PromotionRepository; If you want this repository to be a Redis repository, consider annotating your entities with one of these annotations: org.springframework.data.redis.core.RedisHash (preferred), or consider extending one of the following types with your repository: org.springframework.data.keyvalue.repository.KeyValueRepository
2025-10-06T20:03:33.915+07:00  INFO 15460 --- [hotcinemas_be] [main] .RepositoryConfigurationExtensionSupport : Spring Data Redis - Could not safely identify store assignment for repository candidate interface com.example.hotcinemas_be.repositorys.RefreshTokenRepository; If you want this repository to be a Redis repository, consider annotating your entities with one of these annotations: org.springframework.data.redis.core.RedisHash (preferred), or consider extending one of the following types with your repository: org.springframework.data.keyvalue.repository.KeyValueRepository
2025-10-06T20:03:33.915+07:00  INFO 15460 --- [hotcinemas_be] [main] .RepositoryConfigurationExtensionSupport : Spring Data Redis - Could not safely identify store assignment for repository candidate interface com.example.hotcinemas_be.repositorys.ReviewRepository; If you want this repository to be a Redis repository, consider annotating your entities with one of these annotations: org.springframework.data.redis.core.RedisHash (preferred), or consider extending one of the following types with your repository: org.springframework.data.keyvalue.repository.KeyValueRepository
2025-10-06T20:03:33.915+07:00  INFO 15460 --- [hotcinemas_be] [main] .RepositoryConfigurationExtensionSupport : Spring Data Redis - Could not safely identify store assignment for repository candidate interface com.example.hotcinemas_be.repositorys.RoleRepository; If you want this repository to be a Redis repository, consider annotating your entities with one of these annotations: org.springframework.data.redis.core.RedisHash (preferred), or consider extending one of the following types with your repository: org.springframework.data.keyvalue.repository.KeyValueRepository
2025-10-06T20:03:33.915+07:00  INFO 15460 --- [hotcinemas_be] [main] .RepositoryConfigurationExtensionSupport : Spring Data Redis - Could not safely identify store assignment for repository candidate interface com.example.hotcinemas_be.repositorys.RoomRepository; If you want this repository to be a Redis repository, consider annotating your entities with one of these annotations: org.springframework.data.redis.core.RedisHash (preferred), or consider extending one of the following types with your repository: org.springframework.data.keyvalue.repository.KeyValueRepository
2025-10-06T20:03:33.915+07:00  INFO 15460 --- [hotcinemas_be] [main] .RepositoryConfigurationExtensionSupport : Spring Data Redis - Could not safely identify store assignment for repository candidate interface com.example.hotcinemas_be.repositorys.SeatRepository; If you want this repository to be a Redis repository, consider annotating your entities with one of these annotations: org.springframework.data.redis.core.RedisHash (preferred), or consider extending one of the following types with your repository: org.springframework.data.keyvalue.repository.KeyValueRepository
2025-10-06T20:03:33.915+07:00  INFO 15460 --- [hotcinemas_be] [main] .RepositoryConfigurationExtensionSupport : Spring Data Redis - Could not safely identify store assignment for repository candidate interface com.example.hotcinemas_be.repositorys.ShowtimeRepository; If you want this repository to be a Redis repository, consider annotating your entities with one of these annotations: org.springframework.data.redis.core.RedisHash (preferred), or consider extending one of the following types with your repository: org.springframework.data.keyvalue.repository.KeyValueRepository
2025-10-06T20:03:33.916+07:00  INFO 15460 --- [hotcinemas_be] [main] .RepositoryConfigurationExtensionSupport : Spring Data Redis - Could not safely identify store assignment for repository candidate interface com.example.hotcinemas_be.repositorys.ShowtimeSeatRepository; If you want this repository to be a Redis repository, consider annotating your entities with one of these annotations: org.springframework.data.redis.core.RedisHash (preferred), or consider extending one of the following types with your repository: org.springframework.data.keyvalue.repository.KeyValueRepository
2025-10-06T20:03:33.916+07:00  INFO 15460 --- [hotcinemas_be] [main] .RepositoryConfigurationExtensionSupport : Spring Data Redis - Could not safely identify store assignment for repository candidate interface com.example.hotcinemas_be.repositorys.TicketRepository; If you want this repository to be a Redis repository, consider annotating your entities with one of these annotations: org.springframework.data.redis.core.RedisHash (preferred), or consider extending one of the following types with your repository: org.springframework.data.keyvalue.repository.KeyValueRepository
2025-10-06T20:03:33.916+07:00  INFO 15460 --- [hotcinemas_be] [main] .RepositoryConfigurationExtensionSupport : Spring Data Redis - Could not safely identify store assignment for repository candidate interface com.example.hotcinemas_be.repositorys.UserRepository; If you want this repository to be a Redis repository, consider annotating your entities with one of these annotations: org.springframework.data.redis.core.RedisHash (preferred), or consider extending one of the following types with your repository: org.springframework.data.keyvalue.repository.KeyValueRepository
2025-10-06T20:03:33.916+07:00  INFO 15460 --- [hotcinemas_be] [main] .s.d.r.c.RepositoryConfigurationDelegate : Finished Spring Data repository scanning in 13 ms. Found 0 Redis repository interfaces.
2025-10-06T20:03:34.369+07:00  INFO 15460 --- [hotcinemas_be] [main] o.s.b.w.embedded.tomcat.TomcatWebServer  : Tomcat initialized with port 8080 (http)
2025-10-06T20:03:34.380+07:00  INFO 15460 --- [hotcinemas_be] [main] o.apache.catalina.core.StandardService   : Starting service [Tomcat]
2025-10-06T20:03:34.380+07:00  INFO 15460 --- [hotcinemas_be] [main] o.apache.catalina.core.StandardEngine    : Starting Servlet engine: [Apache Tomcat/10.1.42]
2025-10-06T20:03:34.427+07:00  INFO 15460 --- [hotcinemas_be] [main] o.a.c.c.C.[Tomcat].[localhost].[/]       : Initializing Spring embedded WebApplicationContext
2025-10-06T20:03:34.427+07:00  INFO 15460 --- [hotcinemas_be] [main] w.s.c.ServletWebServerApplicationContext : Root WebApplicationContext: initialization completed in 1655 ms
2025-10-06T20:03:34.478+07:00  INFO 15460 --- [hotcinemas_be] [main] com.zaxxer.hikari.HikariDataSource       : HikariPool-1 - Starting...
2025-10-06T20:03:34.567+07:00  INFO 15460 --- [hotcinemas_be] [main] com.zaxxer.hikari.pool.HikariPool        : HikariPool-1 - Added connection org.postgresql.jdbc.PgConnection@547aaa32
2025-10-06T20:03:34.569+07:00  INFO 15460 --- [hotcinemas_be] [main] com.zaxxer.hikari.HikariDataSource       : HikariPool-1 - Start completed.
2025-10-06T20:03:34.645+07:00  INFO 15460 --- [hotcinemas_be] [main] o.hibernate.jpa.internal.util.LogHelper  : HHH000204: Processing PersistenceUnitInfo [name: default]
2025-10-06T20:03:34.698+07:00  INFO 15460 --- [hotcinemas_be] [main] org.hibernate.Version                    : HHH000412: Hibernate ORM core version 6.6.18.Final
2025-10-06T20:03:34.729+07:00  INFO 15460 --- [hotcinemas_be] [main] o.h.c.internal.RegionFactoryInitiator    : HHH000026: Second-level cache disabled
2025-10-06T20:03:34.964+07:00  INFO 15460 --- [hotcinemas_be] [main] o.s.o.j.p.SpringPersistenceUnitInfo      : No LoadTimeWeaver setup: ignoring JPA class transformer
2025-10-06T20:03:35.024+07:00  WARN 15460 --- [hotcinemas_be] [main] org.hibernate.orm.deprecation            : HHH90000025: PostgreSQLDialect does not need to be specified explicitly using 'hibernate.dialect' (remove the property setting and it will be selected by default)
2025-10-06T20:03:35.041+07:00  INFO 15460 --- [hotcinemas_be] [main] org.hibernate.orm.connections.pooling    : HHH10001005: Database info:
	Database JDBC URL [Connecting through datasource 'HikariDataSource (HikariPool-1)']
	Database driver: undefined/unknown
	Database version: 13.22
	Autocommit mode: undefined/unknown
	Isolation level: undefined/unknown
	Minimum pool size: undefined/unknown
	Maximum pool size: undefined/unknown
2025-10-06T20:03:36.190+07:00  INFO 15460 --- [hotcinemas_be] [main] o.h.e.t.j.p.i.JtaPlatformInitiator       : HHH000489: No JTA platform available (set 'hibernate.transaction.jta.platform' to enable JTA platform integration)
2025-10-06T20:03:37.450+07:00  INFO 15460 --- [hotcinemas_be] [main] j.LocalContainerEntityManagerFactoryBean : Initialized JPA EntityManagerFactory for persistence unit 'default'
2025-10-06T20:03:38.004+07:00  INFO 15460 --- [hotcinemas_be] [main] eAuthenticationProviderManagerConfigurer : Global AuthenticationManager configured with AuthenticationProvider bean with name authenticationProvider
2025-10-06T20:03:38.004+07:00  WARN 15460 --- [hotcinemas_be] [main] r$InitializeUserDetailsManagerConfigurer : Global AuthenticationManager configured with an AuthenticationProvider bean. UserDetailsService beans will not be used by Spring Security for automatically configuring username/password login. Consider removing the AuthenticationProvider bean. Alternatively, consider using the UserDetailsService in a manually instantiated DaoAuthenticationProvider. If the current configuration is intentional, to turn off this warning, increase the logging level of 'org.springframework.security.config.annotation.authentication.configuration.InitializeUserDetailsBeanManagerConfigurer' to ERROR
2025-10-06T20:03:38.095+07:00  INFO 15460 --- [hotcinemas_be] [main] o.s.d.j.r.query.QueryEnhancerFactory     : Hibernate is in classpath; If applicable, HQL parser will be used.
2025-10-06T20:03:39.885+07:00  WARN 15460 --- [hotcinemas_be] [main] JpaBaseConfiguration$JpaWebConfiguration : spring.jpa.open-in-view is enabled by default. Therefore, database queries may be performed during view rendering. Explicitly configure spring.jpa.open-in-view to disable this warning
2025-10-06T20:03:40.479+07:00  INFO 15460 --- [hotcinemas_be] [main] o.s.b.w.embedded.tomcat.TomcatWebServer  : Tomcat started on port 8080 (http) with context path '/'
2025-10-06T20:03:40.485+07:00  INFO 15460 --- [hotcinemas_be] [main] c.e.h.HotcinemasBeApplication            : Started HotcinemasBeApplication in 8.175 seconds (process running for 8.739)
2025-10-06T20:38:42.174+07:00  INFO 15460 --- [hotcinemas_be] [SpringApplicationShutdownHook] o.s.b.w.e.tomcat.GracefulShutdown        : Commencing graceful shutdown. Waiting for active requests to complete
2025-10-06T20:38:42.188+07:00  INFO 15460 --- [hotcinemas_be] [tomcat-shutdown] o.s.b.w.e.tomcat.GracefulShutdown        : Graceful shutdown complete
2025-10-06T20:38:42.258+07:00  INFO 15460 --- [hotcinemas_be] [SpringApplicationShutdownHook] j.LocalContainerEntityManagerFactoryBean : Closing JPA EntityManagerFactory for persistence unit 'default'
2025-10-06T20:38:42.265+07:00  INFO 15460 --- [hotcinemas_be] [SpringApplicationShutdownHook] com.zaxxer.hikari.HikariDataSource       : HikariPool-1 - Shutdown initiated...
2025-10-06T20:38:42.267+07:00  INFO 15460 --- [hotcinemas_be] [SpringApplicationShutdownHook] com.zaxxer.hikari.HikariDataSource       : HikariPool-1 - Shutdown completed.
2025-10-06T20:38:44.731+07:00  INFO 23780 --- [hotcinemas_be] [main] c.e.h.HotcinemasBeApplication            : Starting HotcinemasBeApplication using Java 21.0.8 with PID 23780 (D:\WordSpace\hotcinemas_be\target\classes started by duong in D:\WordSpace\hotcinemas_be)
2025-10-06T20:38:44.733+07:00  INFO 23780 --- [hotcinemas_be] [main] c.e.h.HotcinemasBeApplication            : No active profile set, falling back to 1 default profile: "default"
2025-10-06T20:38:45.386+07:00  INFO 23780 --- [hotcinemas_be] [main] .s.d.r.c.RepositoryConfigurationDelegate : Multiple Spring Data modules found, entering strict repository configuration mode
2025-10-06T20:38:45.386+07:00  INFO 23780 --- [hotcinemas_be] [main] .s.d.r.c.RepositoryConfigurationDelegate : Bootstrapping Spring Data Redis repositories in DEFAULT mode.
2025-10-06T20:38:45.401+07:00  INFO 23780 --- [hotcinemas_be] [main] .s.d.r.c.RepositoryConfigurationDelegate : Finished Spring Data repository scanning in 3 ms. Found 0 Redis repository interfaces.
2025-10-06T20:38:45.585+07:00  INFO 23780 --- [hotcinemas_be] [main] .s.d.r.c.RepositoryConfigurationDelegate : Multiple Spring Data modules found, entering strict repository configuration mode
2025-10-06T20:38:45.587+07:00  INFO 23780 --- [hotcinemas_be] [main] .s.d.r.c.RepositoryConfigurationDelegate : Bootstrapping Spring Data JPA repositories in DEFAULT mode.
2025-10-06T20:38:45.737+07:00  INFO 23780 --- [hotcinemas_be] [main] .s.d.r.c.RepositoryConfigurationDelegate : Finished Spring Data repository scanning in 140 ms. Found 18 JPA repository interfaces.
2025-10-06T20:38:45.745+07:00  INFO 23780 --- [hotcinemas_be] [main] .s.d.r.c.RepositoryConfigurationDelegate : Multiple Spring Data modules found, entering strict repository configuration mode
2025-10-06T20:38:45.745+07:00  INFO 23780 --- [hotcinemas_be] [main] .s.d.r.c.RepositoryConfigurationDelegate : Bootstrapping Spring Data Redis repositories in DEFAULT mode.
2025-10-06T20:38:45.754+07:00  INFO 23780 --- [hotcinemas_be] [main] .RepositoryConfigurationExtensionSupport : Spring Data Redis - Could not safely identify store assignment for repository candidate interface com.example.hotcinemas_be.repositorys.AuditLogRepository; If you want this repository to be a Redis repository, consider annotating your entities with one of these annotations: org.springframework.data.redis.core.RedisHash (preferred), or consider extending one of the following types with your repository: org.springframework.data.keyvalue.repository.KeyValueRepository
2025-10-06T20:38:45.755+07:00  INFO 23780 --- [hotcinemas_be] [main] .RepositoryConfigurationExtensionSupport : Spring Data Redis - Could not safely identify store assignment for repository candidate interface com.example.hotcinemas_be.repositorys.BookingRepository; If you want this repository to be a Redis repository, consider annotating your entities with one of these annotations: org.springframework.data.redis.core.RedisHash (preferred), or consider extending one of the following types with your repository: org.springframework.data.keyvalue.repository.KeyValueRepository
2025-10-06T20:38:45.755+07:00  INFO 23780 --- [hotcinemas_be] [main] .RepositoryConfigurationExtensionSupport : Spring Data Redis - Could not safely identify store assignment for repository candidate interface com.example.hotcinemas_be.repositorys.CinemaClusterRepository; If you want this repository to be a Redis repository, consider annotating your entities with one of these annotations: org.springframework.data.redis.core.RedisHash (preferred), or consider extending one of the following types with your repository: org.springframework.data.keyvalue.repository.KeyValueRepository
2025-10-06T20:38:45.755+07:00  INFO 23780 --- [hotcinemas_be] [main] .RepositoryConfigurationExtensionSupport : Spring Data Redis - Could not safely identify store assignment for repository candidate interface com.example.hotcinemas_be.repositorys.CinemaRepository; If you want this repository to be a Redis repository, consider annotating your entities with one of these annotations: org.springframework.data.redis.core.RedisHash (preferred), or consider extending one of the following types with your repository: org.springframework.data.keyvalue.repository.KeyValueRepository
2025-10-06T20:38:45.755+07:00  INFO 23780 --- [hotcinemas_be] [main] .RepositoryConfigurationExtensionSupport : Spring Data Redis - Could not safely identify store assignment for repository candidate interface com.example.hotcinemas_be.repositorys.GenreRepository; If you want this repository to be a Redis repository, consider annotating your entities with one of these annotations: org.springframework.data.redis.core.RedisHash (preferred), or consider extending one of the following types with your repository: org.springframework.data.keyvalue.repository.KeyValueRepository
2025-10-06T20:38:45.755+07:00  INFO 23780 --- [hotcinemas_be] [main] .RepositoryConfigurationExtensionSupport : Spring Data Redis - Could not safely identify store assignment for repository candidate interface com.example.hotcinemas_be.repositorys.MovieRepository; If you want this repository to be a Redis repository, consider annotating your entities with one of these annotations: org.springframework.data.redis.core.RedisHash (preferred), or consider extending one of the following types with your repository: org.springframework.data.keyvalue.repository.KeyValueRepository
2025-10-06T20:38:45.756+07:00  INFO 23780 --- [hotcinemas_be] [main] .RepositoryConfigurationExtensionSupport : Spring Data Redis - Could not safely identify store assignment for repository candidate interface com.example.hotcinemas_be.repositorys.PaymentRepository; If you want this repository to be a Redis repository, consider annotating your entities with one of these annotations: org.springframework.data.redis.core.RedisHash (preferred), or consider extending one of the following types with your repository: org.springframework.data.keyvalue.repository.KeyValueRepository
2025-10-06T20:38:45.756+07:00  INFO 23780 --- [hotcinemas_be] [main] .RepositoryConfigurationExtensionSupport : Spring Data Redis - Could not safely identify store assignment for repository candidate interface com.example.hotcinemas_be.repositorys.PermissionRepository; If you want this repository to be a Redis repository, consider annotating your entities with one of these annotations: org.springframework.data.redis.core.RedisHash (preferred), or consider extending one of the following types with your repository: org.springframework.data.keyvalue.repository.KeyValueRepository
2025-10-06T20:38:45.756+07:00  INFO 23780 --- [hotcinemas_be] [main] .RepositoryConfigurationExtensionSupport : Spring Data Redis - Could not safely identify store assignment for repository candidate interface com.example.hotcinemas_be.repositorys.PromotionRepository; If you want this repository to be a Redis repository, consider annotating your entities with one of these annotations: org.springframework.data.redis.core.RedisHash (preferred), or consider extending one of the following types with your repository: org.springframework.data.keyvalue.repository.KeyValueRepository
2025-10-06T20:38:45.756+07:00  INFO 23780 --- [hotcinemas_be] [main] .RepositoryConfigurationExtensionSupport : Spring Data Redis - Could not safely identify store assignment for repository candidate interface com.example.hotcinemas_be.repositorys.RefreshTokenRepository; If you want this repository to be a Redis repository, consider annotating your entities with one of these annotations: org.springframework.data.redis.core.RedisHash (preferred), or consider extending one of the following types with your repository: org.springframework.data.keyvalue.repository.KeyValueRepository
2025-10-06T20:38:45.756+07:00  INFO 23780 --- [hotcinemas_be] [main] .RepositoryConfigurationExtensionSupport : Spring Data Redis - Could not safely identify store assignment for repository candidate interface com.example.hotcinemas_be.repositorys.ReviewRepository; If you want this repository to be a Redis repository, consider annotating your entities with one of these annotations: org.springframework.data.redis.core.RedisHash (preferred), or consider extending one of the following types with your repository: org.springframework.data.keyvalue.repository.KeyValueRepository
2025-10-06T20:38:45.756+07:00  INFO 23780 --- [hotcinemas_be] [main] .RepositoryConfigurationExtensionSupport : Spring Data Redis - Could not safely identify store assignment for repository candidate interface com.example.hotcinemas_be.repositorys.RoleRepository; If you want this repository to be a Redis repository, consider annotating your entities with one of these annotations: org.springframework.data.redis.core.RedisHash (preferred), or consider extending one of the following types with your repository: org.springframework.data.keyvalue.repository.KeyValueRepository
2025-10-06T20:38:45.756+07:00  INFO 23780 --- [hotcinemas_be] [main] .RepositoryConfigurationExtensionSupport : Spring Data Redis - Could not safely identify store assignment for repository candidate interface com.example.hotcinemas_be.repositorys.RoomRepository; If you want this repository to be a Redis repository, consider annotating your entities with one of these annotations: org.springframework.data.redis.core.RedisHash (preferred), or consider extending one of the following types with your repository: org.springframework.data.keyvalue.repository.KeyValueRepository
2025-10-06T20:38:45.757+07:00  INFO 23780 --- [hotcinemas_be] [main] .RepositoryConfigurationExtensionSupport : Spring Data Redis - Could not safely identify store assignment for repository candidate interface com.example.hotcinemas_be.repositorys.SeatRepository; If you want this repository to be a Redis repository, consider annotating your entities with one of these annotations: org.springframework.data.redis.core.RedisHash (preferred), or consider extending one of the following types with your repository: org.springframework.data.keyvalue.repository.KeyValueRepository
2025-10-06T20:38:45.757+07:00  INFO 23780 --- [hotcinemas_be] [main] .RepositoryConfigurationExtensionSupport : Spring Data Redis - Could not safely identify store assignment for repository candidate interface com.example.hotcinemas_be.repositorys.ShowtimeRepository; If you want this repository to be a Redis repository, consider annotating your entities with one of these annotations: org.springframework.data.redis.core.RedisHash (preferred), or consider extending one of the following types with your repository: org.springframework.data.keyvalue.repository.KeyValueRepository
2025-10-06T20:38:45.757+07:00  INFO 23780 --- [hotcinemas_be] [main] .RepositoryConfigurationExtensionSupport : Spring Data Redis - Could not safely identify store assignment for repository candidate interface com.example.hotcinemas_be.repositorys.ShowtimeSeatRepository; If you want this repository to be a Redis repository, consider annotating your entities with one of these annotations: org.springframework.data.redis.core.RedisHash (preferred), or consider extending one of the following types with your repository: org.springframework.data.keyvalue.repository.KeyValueRepository
2025-10-06T20:38:45.757+07:00  INFO 23780 --- [hotcinemas_be] [main] .RepositoryConfigurationExtensionSupport : Spring Data Redis - Could not safely identify store assignment for repository candidate interface com.example.hotcinemas_be.repositorys.TicketRepository; If you want this repository to be a Redis repository, consider annotating your entities with one of these annotations: org.springframework.data.redis.core.RedisHash (preferred), or consider extending one of the following types with your repository: org.springframework.data.keyvalue.repository.KeyValueRepository
2025-10-06T20:38:45.757+07:00  INFO 23780 --- [hotcinemas_be] [main] .RepositoryConfigurationExtensionSupport : Spring Data Redis - Could not safely identify store assignment for repository candidate interface com.example.hotcinemas_be.repositorys.UserRepository; If you want this repository to be a Redis repository, consider annotating your entities with one of these annotations: org.springframework.data.redis.core.RedisHash (preferred), or consider extending one of the following types with your repository: org.springframework.data.keyvalue.repository.KeyValueRepository
2025-10-06T20:38:45.757+07:00  INFO 23780 --- [hotcinemas_be] [main] .s.d.r.c.RepositoryConfigurationDelegate : Finished Spring Data repository scanning in 11 ms. Found 0 Redis repository interfaces.
2025-10-06T20:38:46.204+07:00  INFO 23780 --- [hotcinemas_be] [main] o.s.b.w.embedded.tomcat.TomcatWebServer  : Tomcat initialized with port 8080 (http)
2025-10-06T20:38:46.212+07:00  INFO 23780 --- [hotcinemas_be] [main] o.apache.catalina.core.StandardService   : Starting service [Tomcat]
2025-10-06T20:38:46.213+07:00  INFO 23780 --- [hotcinemas_be] [main] o.apache.catalina.core.StandardEngine    : Starting Servlet engine: [Apache Tomcat/10.1.42]
2025-10-06T20:38:46.253+07:00  INFO 23780 --- [hotcinemas_be] [main] o.a.c.c.C.[Tomcat].[localhost].[/]       : Initializing Spring embedded WebApplicationContext
2025-10-06T20:38:46.253+07:00  INFO 23780 --- [hotcinemas_be] [main] w.s.c.ServletWebServerApplicationContext : Root WebApplicationContext: initialization completed in 1472 ms
2025-10-06T20:38:46.294+07:00  INFO 23780 --- [hotcinemas_be] [main] com.zaxxer.hikari.HikariDataSource       : HikariPool-1 - Starting...
2025-10-06T20:38:46.364+07:00  INFO 23780 --- [hotcinemas_be] [main] com.zaxxer.hikari.pool.HikariPool        : HikariPool-1 - Added connection org.postgresql.jdbc.PgConnection@98637a2
2025-10-06T20:38:46.365+07:00  INFO 23780 --- [hotcinemas_be] [main] com.zaxxer.hikari.HikariDataSource       : HikariPool-1 - Start completed.
2025-10-06T20:38:46.441+07:00  INFO 23780 --- [hotcinemas_be] [main] o.hibernate.jpa.internal.util.LogHelper  : HHH000204: Processing PersistenceUnitInfo [name: default]
2025-10-06T20:38:46.480+07:00  INFO 23780 --- [hotcinemas_be] [main] org.hibernate.Version                    : HHH000412: Hibernate ORM core version 6.6.18.Final
2025-10-06T20:38:46.508+07:00  INFO 23780 --- [hotcinemas_be] [main] o.h.c.internal.RegionFactoryInitiator    : HHH000026: Second-level cache disabled
2025-10-06T20:38:46.693+07:00  INFO 23780 --- [hotcinemas_be] [main] o.s.o.j.p.SpringPersistenceUnitInfo      : No LoadTimeWeaver setup: ignoring JPA class transformer
2025-10-06T20:38:46.731+07:00  WARN 23780 --- [hotcinemas_be] [main] org.hibernate.orm.deprecation            : HHH90000025: PostgreSQLDialect does not need to be specified explicitly using 'hibernate.dialect' (remove the property setting and it will be selected by default)
2025-10-06T20:38:46.745+07:00  INFO 23780 --- [hotcinemas_be] [main] org.hibernate.orm.connections.pooling    : HHH10001005: Database info:
	Database JDBC URL [Connecting through datasource 'HikariDataSource (HikariPool-1)']
	Database driver: undefined/unknown
	Database version: 13.22
	Autocommit mode: undefined/unknown
	Isolation level: undefined/unknown
	Minimum pool size: undefined/unknown
	Maximum pool size: undefined/unknown
2025-10-06T20:38:47.675+07:00  INFO 23780 --- [hotcinemas_be] [main] o.h.e.t.j.p.i.JtaPlatformInitiator       : HHH000489: No JTA platform available (set 'hibernate.transaction.jta.platform' to enable JTA platform integration)
2025-10-06T20:38:48.899+07:00  INFO 23780 --- [hotcinemas_be] [main] j.LocalContainerEntityManagerFactoryBean : Initialized JPA EntityManagerFactory for persistence unit 'default'
2025-10-06T20:38:49.331+07:00  INFO 23780 --- [hotcinemas_be] [main] eAuthenticationProviderManagerConfigurer : Global AuthenticationManager configured with AuthenticationProvider bean with name authenticationProvider
2025-10-06T20:38:49.331+07:00  WARN 23780 --- [hotcinemas_be] [main] r$InitializeUserDetailsManagerConfigurer : Global AuthenticationManager configured with an AuthenticationProvider bean. UserDetailsService beans will not be used by Spring Security for automatically configuring username/password login. Consider removing the AuthenticationProvider bean. Alternatively, consider using the UserDetailsService in a manually instantiated DaoAuthenticationProvider. If the current configuration is intentional, to turn off this warning, increase the logging level of 'org.springframework.security.config.annotation.authentication.configuration.InitializeUserDetailsBeanManagerConfigurer' to ERROR
2025-10-06T20:38:49.435+07:00  INFO 23780 --- [hotcinemas_be] [main] o.s.d.j.r.query.QueryEnhancerFactory     : Hibernate is in classpath; If applicable, HQL parser will be used.
2025-10-06T20:38:51.067+07:00  WARN 23780 --- [hotcinemas_be] [main] JpaBaseConfiguration$JpaWebConfiguration : spring.jpa.open-in-view is enabled by default. Therefore, database queries may be performed during view rendering. Explicitly configure spring.jpa.open-in-view to disable this warning
2025-10-06T20:38:51.602+07:00  INFO 23780 --- [hotcinemas_be] [main] o.s.b.w.embedded.tomcat.TomcatWebServer  : Tomcat started on port 8080 (http) with context path '/'
2025-10-06T20:38:51.609+07:00  INFO 23780 --- [hotcinemas_be] [main] c.e.h.HotcinemasBeApplication            : Started HotcinemasBeApplication in 7.372 seconds (process running for 8.104)
2025-10-06T20:39:50.654+07:00  INFO 23780 --- [hotcinemas_be] [SpringApplicationShutdownHook] o.s.b.w.e.tomcat.GracefulShutdown        : Commencing graceful shutdown. Waiting for active requests to complete
2025-10-06T20:39:50.661+07:00  INFO 23780 --- [hotcinemas_be] [tomcat-shutdown] o.s.b.w.e.tomcat.GracefulShutdown        : Graceful shutdown complete
2025-10-06T20:39:50.675+07:00  INFO 23780 --- [hotcinemas_be] [SpringApplicationShutdownHook] j.LocalContainerEntityManagerFactoryBean : Closing JPA EntityManagerFactory for persistence unit 'default'
2025-10-06T20:39:50.676+07:00  INFO 23780 --- [hotcinemas_be] [SpringApplicationShutdownHook] com.zaxxer.hikari.HikariDataSource       : HikariPool-1 - Shutdown initiated...
2025-10-06T20:39:50.678+07:00  INFO 23780 --- [hotcinemas_be] [SpringApplicationShutdownHook] com.zaxxer.hikari.HikariDataSource       : HikariPool-1 - Shutdown completed.
